<?xml version="1.0" encoding="UTF-8"?>
<!-- Generated by org.testng.reporters.JUnitXMLReporter -->
<testsuite ignored="0" hostname="DESKTOP-G5M5I8R" failures="0" tests="5" name="Default test" time="3.077" errors="0" timestamp="2024-06-18T17:30:09 EET">
  <testcase classname="projecttowqa.myTest" name="myfirstTest" time="0.735"/>
  <testcase classname="projecttowqa.myTest" name="mytest" time="0.164"/>
  <testcase classname="projecttowqa.myTest" name="filtertest" time="0.142"/>
  <testcase classname="projecttowqa.myTest" name="getPrice" time="0.089"/>
  <testcase classname="projecttowqa.myTest" name="getenditem" time="0.075"/>
</testsuite> <!-- Default test -->
