<?xml version="1.0" encoding="UTF-8"?>
<testng-results ignored="0" total="5" passed="5" failed="0" skipped="0">
  <reporter-output>
  </reporter-output>
  <suite started-at="2024-06-18T17:30:06 EET" name="Default suite" finished-at="2024-06-18T17:30:09 EET" duration-ms="3077">
    <groups>
    </groups>
    <test started-at="2024-06-18T17:30:06 EET" name="Default test" finished-at="2024-06-18T17:30:09 EET" duration-ms="3077">
      <class name="projecttowqa.myTest">
        <test-method is-config="true" signature="setUP()[pri:0, instance:projecttowqa.myTest@162be91c]" started-at="2024-06-18T17:30:06 EET" name="setUP" finished-at="2024-06-18T17:30:08 EET" duration-ms="1741" status="PASS">
          <reporter-output>
          </reporter-output>
        </test-method> <!-- setUP -->
        <test-method signature="myfirstTest()[pri:1, instance:projecttowqa.myTest@162be91c]" started-at="2024-06-18T17:30:08 EET" name="myfirstTest" finished-at="2024-06-18T17:30:09 EET" duration-ms="735" status="PASS">
          <reporter-output>
          </reporter-output>
        </test-method> <!-- myfirstTest -->
        <test-method signature="mytest()[pri:2, instance:projecttowqa.myTest@162be91c]" started-at="2024-06-18T17:30:09 EET" name="mytest" finished-at="2024-06-18T17:30:09 EET" duration-ms="164" status="PASS">
          <reporter-output>
          </reporter-output>
        </test-method> <!-- mytest -->
        <test-method signature="filtertest()[pri:3, instance:projecttowqa.myTest@162be91c]" started-at="2024-06-18T17:30:09 EET" name="filtertest" finished-at="2024-06-18T17:30:09 EET" duration-ms="142" status="PASS">
          <reporter-output>
          </reporter-output>
        </test-method> <!-- filtertest -->
        <test-method signature="getPrice()[pri:4, instance:projecttowqa.myTest@162be91c]" started-at="2024-06-18T17:30:09 EET" name="getPrice" finished-at="2024-06-18T17:30:09 EET" duration-ms="89" status="PASS">
          <reporter-output>
          </reporter-output>
        </test-method> <!-- getPrice -->
        <test-method signature="getenditem()[pri:5, instance:projecttowqa.myTest@162be91c]" started-at="2024-06-18T17:30:09 EET" name="getenditem" finished-at="2024-06-18T17:30:09 EET" duration-ms="75" status="PASS">
          <reporter-output>
          </reporter-output>
        </test-method> <!-- getenditem -->
      </class> <!-- projecttowqa.myTest -->
    </test> <!-- Default test -->
  </suite> <!-- Default suite -->
</testng-results>
